<?xml version="1.0" encoding="UTF-8"?>
<testng-results ignored="0" total="2" passed="1" failed="1" skipped="0">
  <reporter-output>
  </reporter-output>
  <suite started-at="2026-03-28T19:31:56 IST" name="Suite" finished-at="2026-03-28T19:32:38 IST" duration-ms="42646">
    <groups>
    </groups>
    <test started-at="2026-03-28T19:31:56 IST" name="Home Page Test" finished-at="2026-03-28T19:32:38 IST" duration-ms="42646">
      <class name="com.automation.playwright.tests.HomePageTest">
        <test-method is-config="true" signature="setup()[pri:0, instance:com.automation.playwright.tests.HomePageTest@72c8e7b]" started-at="2026-03-28T19:31:56 IST" name="setup" finished-at="2026-03-28T19:32:09 IST" duration-ms="13154" status="PASS">
          <reporter-output>
          </reporter-output>
        </test-method> <!-- setup -->
        <test-method signature="navigateToRegistrationPageTest()[pri:0, instance:com.automation.playwright.tests.HomePageTest@72c8e7b]" started-at="2026-03-28T19:32:09 IST" name="navigateToRegistrationPageTest" finished-at="2026-03-28T19:32:16 IST" duration-ms="7482" status="FAIL">
          <exception class="java.lang.AssertionError">
            <message>
              <![CDATA[expected [true] but found [false]]]>
            </message>
            <full-stacktrace>
              <![CDATA[java.lang.AssertionError: expected [true] but found [false]
at org.testng.Assert.fail(Assert.java:111)
at org.testng.Assert.failNotEquals(Assert.java:1578)
at org.testng.Assert.assertTrue(Assert.java:57)
at org.testng.Assert.assertTrue(Assert.java:67)
at com.automation.playwright.tests.HomePageTest.navigateToRegistrationPageTest(HomePageTest.java:19)
at java.base/jdk.internal.reflect.DirectMethodHandleAccessor.invoke(DirectMethodHandleAccessor.java:103)
at java.base/java.lang.reflect.Method.invoke(Method.java:580)
at org.testng.internal.invokers.MethodInvocationHelper.invokeMethod(MethodInvocationHelper.java:139)
at org.testng.internal.invokers.TestInvoker.invokeMethod(TestInvoker.java:664)
at org.testng.internal.invokers.TestInvoker.invokeTestMethod(TestInvoker.java:228)
at org.testng.internal.invokers.MethodRunner.runInSequence(MethodRunner.java:63)
at org.testng.internal.invokers.TestInvoker$MethodInvocationAgent.invoke(TestInvoker.java:961)
at org.testng.internal.invokers.TestInvoker.invokeTestMethods(TestInvoker.java:201)
at org.testng.internal.invokers.TestMethodWorker.invokeTestMethods(TestMethodWorker.java:148)
at org.testng.internal.invokers.TestMethodWorker.run(TestMethodWorker.java:128)
at java.base/java.util.ArrayList.forEach(ArrayList.java:1596)
at org.testng.TestRunner.privateRun(TestRunner.java:819)
at org.testng.TestRunner.run(TestRunner.java:619)
at org.testng.SuiteRunner.runTest(SuiteRunner.java:443)
at org.testng.SuiteRunner.runSequentially(SuiteRunner.java:437)
at org.testng.SuiteRunner.privateRun(SuiteRunner.java:397)
at org.testng.SuiteRunner.run(SuiteRunner.java:336)
at org.testng.SuiteRunnerWorker.runSuite(SuiteRunnerWorker.java:52)
at org.testng.SuiteRunnerWorker.run(SuiteRunnerWorker.java:95)
at org.testng.TestNG.runSuitesSequentially(TestNG.java:1301)
at org.testng.TestNG.runSuitesLocally(TestNG.java:1228)
at org.testng.TestNG.runSuites(TestNG.java:1134)
at org.testng.TestNG.run(TestNG.java:1101)
at org.testng.remote.AbstractRemoteTestNG.run(AbstractRemoteTestNG.java:115)
at org.testng.remote.RemoteTestNG.initAndRun(RemoteTestNG.java:293)
at org.testng.remote.RemoteTestNG.main(RemoteTestNG.java:91)
]]>
            </full-stacktrace>
          </exception> <!-- java.lang.AssertionError -->
          <reporter-output>
          </reporter-output>
        </test-method> <!-- navigateToRegistrationPageTest -->
        <test-method signature="createAnAccount()[pri:1, instance:com.automation.playwright.tests.HomePageTest@72c8e7b]" started-at="2026-03-28T19:32:17 IST" name="createAnAccount" finished-at="2026-03-28T19:32:38 IST" duration-ms="20652" status="PASS">
          <reporter-output>
          </reporter-output>
        </test-method> <!-- createAnAccount -->
        <test-method is-config="true" signature="tearDown()[pri:0, instance:com.automation.playwright.tests.HomePageTest@72c8e7b]" started-at="2026-03-28T19:32:38 IST" name="tearDown" finished-at="2026-03-28T19:32:38 IST" duration-ms="550" status="PASS">
          <reporter-output>
          </reporter-output>
        </test-method> <!-- tearDown -->
      </class> <!-- com.automation.playwright.tests.HomePageTest -->
    </test> <!-- Home Page Test -->
  </suite> <!-- Suite -->
</testng-results>
