<?xml version="1.0" encoding="UTF-8"?>
<!-- Generated by org.testng.reporters.JUnitXMLReporter -->
<testsuite ignored="0" hostname="LAPTOP-PUN58KEE" failures="0" tests="4" name="Home Page Test" time="159.932" errors="0" timestamp="2026-03-29T12:23:37 IST">
  <testcase classname="com.automation.playwright.tests.HomePageTest" name="navigateToRegistrationPageTest" time="10.27"/>
  <testcase classname="com.automation.playwright.tests.HomePageTest" name="createAnAccount" time="5.535"/>
  <testcase classname="com.automation.playwright.tests.HomePageTest" name="login" time="3.686"/>
  <testcase classname="com.automation.playwright.tests.HomePageTest" name="productSelection" time="23.14"/>
</testsuite> <!-- Home Page Test -->
