<?xml version="1.0" encoding="UTF-8"?>
<!-- Generated by org.testng.reporters.JUnitXMLReporter -->
<testsuite ignored="0" hostname="LAPTOP-PUN58KEE" failures="3" tests="7" name="Home Page Test" time="100.895" errors="0" timestamp="2026-03-30T20:48:39 IST">
  <testcase classname="com.automation.playwright.tests.HomePageTest" name="navigateToRegistrationPageTest" time="7.685"/>
  <testcase classname="com.automation.playwright.tests.HomePageTest" name="createAnAccount" time="6.383"/>
  <testcase classname="com.automation.playwright.tests.HomePageTest" name="login" time="2.598"/>
  <testcase classname="com.automation.playwright.tests.HomePageTest" name="productSelection" time="22.553"/>
  <testcase classname="com.automation.playwright.tests.HomePageTest" name="placeOrder" time="35.6">
    <failure type="java.lang.AssertionError" message="expected [true] but found [false]">
      <![CDATA[java.lang.AssertionError: expected [true] but found [false]
at com.automation.playwright.tests.HomePageTest.placeOrder(HomePageTest.java:53)
at java.base/java.util.ArrayList.forEach(ArrayList.java:1596)
... Removed 29 stack frames]]>
    </failure>
  </testcase> <!-- placeOrder -->
  <testcase classname="com.automation.playwright.tests.HomePageTest" name="emptyCart" time="10.474">
    <failure type="java.lang.AssertionError" message="expected [true] but found [false]">
      <![CDATA[java.lang.AssertionError: expected [true] but found [false]
at com.automation.playwright.tests.HomePageTest.emptyCart(HomePageTest.java:58)
at java.base/java.util.ArrayList.forEach(ArrayList.java:1596)
... Removed 29 stack frames]]>
    </failure>
  </testcase> <!-- emptyCart -->
  <testcase classname="com.automation.playwright.tests.HomePageTest" name="logOut" time="0.002">
    <failure type="java.lang.AssertionError" message="expected [true] but found [false]">
      <![CDATA[java.lang.AssertionError: expected [true] but found [false]
at com.automation.playwright.tests.HomePageTest.logOut(HomePageTest.java:63)
at java.base/java.util.ArrayList.forEach(ArrayList.java:1596)
... Removed 29 stack frames]]>
    </failure>
  </testcase> <!-- logOut -->
</testsuite> <!-- Home Page Test -->
